<?xml version="1.0" encoding="UTF-8"?>
<!-- Generated by org.testng.reporters.JUnitReportReporter -->
<testsuite hostname="Ravi-PC" failures="0" tests="1" name="interview.BrokenLinks" time="141.496" errors="0" timestamp="2022-03-15T10:15:08 IST" skipped="0">
  <testcase classname="interview.BrokenLinks" name="brokenLinksTest" time="141.496"/>
  <system-out/>
</testsuite> <!-- interview.BrokenLinks -->
